Case #1: 3 4 6
Case #2: 2 3 5 8 11 12 13 16 17 20
Case #3: 3 4 5
Case #4: 16 18 24 30 38 42 45 51 52
Case #5: 4 6 7 10 12 14 15
Case #6: 5 6 7 8 9 10 11
Case #7: 14 33 44 60 71 74 113
Case #8: 8 9 10 13 16 20 21 22 25
Case #9: 10 12 17 21 25 29 32
Case #10: 46 79 89 92
Case #11: 6 8 9 10
Case #12: 16 19 24 25 28 30 33 34 37 41
Case #13: 22 222
Case #14: 2 6 8
Case #15: 7 9 12 14 16 17 18
Case #16: 1 2 3
Case #17: 7 8 12 15 17
Case #18: 4 7 8 12 15 16 18 19
Case #19: 4 6 7 8 10
Case #20: 3 8 12 13 14 15 27
Case #21: 10 14 17 21
Case #22: 13 16 21 24 27 29 32
Case #23: 12 16 20 21 24 28 31 32 36
Case #24: 6 9 11
Case #25: 9 14 17 19 22 30
Case #26: 11 12 13 14 15 16 17 18 19 20
Case #27: 2 6
Case #28: 1 2 3 4 5 6 7 8 9 46
Case #29: 3 6 10 11 12 15 16
Case #30: 2 4
Case #31: 2 3 4
Case #32: 6 10 13 16 18
Case #33: 3 4 6 8
Case #34: 21 24 26 32 33 37 41
Case #35: 132 142 156 179 197 213 252 275 297 307
Case #36: 4 6
Case #37: 8 13 14 17 21
Case #38: 17 19 21 22 24 25 26 30 32 33
Case #39: 2 22
Case #40: 5 6 7
Case #41: 3 5 7 10
Case #42: 6 9 11 13 17 20 23 25 27 30
Case #43: 10 13
Case #44: 2 4 5 10
Case #45: 1 2 3 4
Case #46: 4 8
Case #47: 8 9 10 11 12 13 14 15 16 17
Case #48: 6 8
Case #49: 15 16 17 18 19 20 21
Case #50: 9 10 11 12
