Case #1: CAB
Case #2: MJA
Case #3: OCDE
Case #4: BBAAA
Case #5: CCCABBBAB
Case #6: CCCBAABAB
Case #7: ZXCASDQWE
Case #8: BAAA
Case #9: ZABYCXDWEU
Case #10: AA
Case #11: BA
Case #12: ZACBA
Case #13: MMABCJKLAIHGFED
Case #14: BAAA
Case #15: RRBAACADABA
Case #16: MMLKJHFDBAAIGEC
Case #17: ZDCBA
Case #18: CCCCCBBBBAAAABA
Case #19: ZEDCBAYXWU
Case #20: OIBCDHLAGJEFMNK
Case #21: BBBBBAAAAAAAA
Case #22: OANCMDIHGFELJBK
Case #23: MMALKIHDABCEFGJ
Case #24: ONHADEKFJCILMGB
Case #25: MMIHFBACDEGJKLA
Case #26: CBA
Case #27: BAAA
Case #28: CCCCCAABBAABBBA
Case #29: CBBABAAAAABBBAB
Case #30: CCCCCBBBABBAAAA
Case #31: CBA
Case #32: CCBBBBBBAAAAAAB
Case #33: BBB
Case #34: CCBAAAAABAABABA
Case #35: DCCCCCBBAABBBBA
Case #36: BBA
Case #37: BA
Case #38: CCCBABBBABAAABB
Case #39: OLKJDCBAHIFGMNE
Case #40: CCBBAAAAAAABB
Case #41: CAB
Case #42: CCCCCBBBBBAAAAA
Case #43: CCCCCBBBBBAAAAA
Case #44: CCCCCABABABBBAA
Case #45: CCCCCAABABBABBA
Case #46: DCCCCCCBAAAAAB
Case #47: BAA
Case #48: OMNHKJIFGLEDCBA
Case #49: ZZWTSDRTBHTPQMV
Case #50: CCCCCCCCBAAAABB
Case #51: CCCCCBBAABBAAB
Case #52: CCCCABAAABAABBA
Case #53: OLKBAEFGMJCDINH
Case #54: CCBBBAAAAAAAA
Case #55: DCCBBBBAAAAAB
Case #56: CCCAABBABABABAA
Case #57: MMLKHGECBADFIJA
Case #58: CCCCCBBBBBAAAAA
Case #59: CCCCCBBBBBAAAAA
Case #60: YYSVMPRMMMLQHPM
Case #61: BAAA
Case #62: MMBCFGJALKIHEDA
Case #63: CCCCABAAABBBABA
Case #64: ONEBGHCJAIFKDML
Case #65: DCBAAAAAAAAABB
Case #66: BAA
Case #67: BBA
Case #68: ZAYBXCWDUE
Case #69: CCCCCBBBBBAAAAA
Case #70: ZDABC
Case #71: CCCCCCCCAABAABB
Case #72: CBA
Case #73: ZYSXWMQRTTQBVVK
Case #74: ZADBC
Case #75: ONJHLEICDGFKMBA
Case #76: AAA
Case #77: CCCCCBBBAABBBBB
Case #78: CBA
Case #79: CCBBBAAAAAABA
Case #80: ZABCD
Case #81: CCCCBBBAABBBBBB
Case #82: ZAAAA
Case #83: CBBAAAABABBAAAA
Case #84: BAA
Case #85: Z
Case #86: BB
Case #87: CCCCBAABBAAAAAB
Case #88: CCCCCBBBBBAAAAA
Case #89: OMNLKJIGEFHDCBA
Case #90: CCCAABABBAAABAA
Case #91: ZYWWNBFVSLLPHFV
Case #92: A
Case #93: CCCCCBBBBAAABAA
Case #94: BBA
Case #95: CCCCCCBAABBABBB
Case #96: CCCCCBBBBBAAAAA
Case #97: ZHHXKWQGDMJSWMM
Case #98: CBBBBBAAAAABB
Case #99: ONMLIBAEFGHCJKD
Case #100: DCBBBBAAABABC
